<?xml version="1.0" encoding="UTF-8"?>
<!-- Generated by org.testng.reporters.JUnitReportReporter -->
<testsuite hostname="DESKTOP-E80DE1T" failures="0" tests="1" name="com.trello.TrelloScripts.TC3_CreateAnotherList" time="0.885" errors="0" timestamp="2021-10-31T16:02:52 IST" skipped="0">
  <testcase classname="com.trello.TrelloScripts.TC3_CreateAnotherList" name="createList" time="0.885"/>
  <system-out/>
</testsuite> <!-- com.trello.TrelloScripts.TC3_CreateAnotherList -->
