<?xml version="1.0" encoding="UTF-8"?>
<!-- Generated by org.testng.reporters.JUnitReportReporter -->
<testsuite hostname="LAPTOP-MRSNP4RR" failures="0" tests="1" name="com.trello.TrelloScripts.TC7_UpdateUsingPatch" time="1.519" errors="0" timestamp="2021-10-25T18:53:27 IST" skipped="0">
  <testcase classname="com.trello.TrelloScripts.TC7_UpdateUsingPatch" name="updateProjectUsingPatch" time="1.519"/>
  <system-out/>
</testsuite> <!-- com.trello.TrelloScripts.TC7_UpdateUsingPatch -->
