<?xml version="1.0" encoding="UTF-8"?>
<!-- Generated by org.testng.reporters.JUnitReportReporter -->
<testsuite hostname="LAPTOP-MRSNP4RR" failures="0" tests="1" name="com.trello.TrelloScripts.TC4_GetCard" time="2.287" errors="0" timestamp="2021-10-28T16:23:49 IST" skipped="0">
  <testcase classname="com.trello.TrelloScripts.TC4_GetCard" name="getCard" time="2.287"/>
  <system-out/>
</testsuite> <!-- com.trello.TrelloScripts.TC4_GetCard -->
