<?xml version="1.0" encoding="UTF-8"?>
<!-- Generated by org.testng.reporters.JUnitReportReporter -->
<testsuite hostname="LAPTOP-MRSNP4RR" failures="0" tests="1" name="com.trello.TrelloScripts.TC1_UserSignUp" time="23.192" errors="0" timestamp="2021-10-26T12:07:31 IST" skipped="0">
  <testcase classname="com.trello.TrelloScripts.TC1_UserSignUp" name="createUser" time="23.192"/>
  <system-out/>
</testsuite> <!-- com.trello.TrelloScripts.TC1_UserSignUp -->
