<?xml version="1.0" encoding="UTF-8"?>
<!-- Generated by org.testng.reporters.JUnitReportReporter -->
<testsuite hostname="DESKTOP-E80DE1T" failures="0" tests="1" name="com.trello.TrelloScripts.TC6_UpdateCard" time="0.964" errors="0" timestamp="2021-10-31T16:02:52 IST" skipped="0">
  <testcase classname="com.trello.TrelloScripts.TC6_UpdateCard" name="updateCard" time="0.964"/>
  <system-out/>
</testsuite> <!-- com.trello.TrelloScripts.TC6_UpdateCard -->
