<?xml version="1.0" encoding="UTF-8"?>
<!-- Generated by org.testng.reporters.JUnitReportReporter -->
<testsuite hostname="LAPTOP-MRSNP4RR" failures="0" tests="1" name="com.demo.JobPortal.TC7_UpdateUsingPatch" time="1.393" errors="0" timestamp="2021-10-25T12:09:25 IST" skipped="0">
  <testcase classname="com.demo.JobPortal.TC7_UpdateUsingPatch" name="updateProjectUsingPatch" time="1.393"/>
  <system-out/>
</testsuite> <!-- com.demo.JobPortal.TC7_UpdateUsingPatch -->
