<?xml version="1.0" encoding="UTF-8"?>
<!-- Generated by org.testng.reporters.JUnitReportReporter -->
<testsuite hostname="LAPTOP-MRSNP4RR" failures="0" tests="1" name="com.trello.TrelloScripts.Trello_Test" time="0.075" errors="0" timestamp="2021-10-27T17:23:16 IST" skipped="0">
  <testcase classname="com.trello.TrelloScripts.Trello_Test" name="trelloTest" time="0.075"/>
  <system-out/>
</testsuite> <!-- com.trello.TrelloScripts.Trello_Test -->
