<?xml version="1.0" encoding="UTF-8"?>
<!-- Generated by org.testng.reporters.JUnitReportReporter -->
<testsuite hostname="LAPTOP-MRSNP4RR" failures="0" tests="1" name="com.demo.JobPortal.TC1_Reqres_SingleUser" time="3.264" errors="0" timestamp="2021-10-24T18:08:40 IST" skipped="0">
  <testcase classname="com.demo.JobPortal.TC1_Reqres_SingleUser" name="listSingleUser" time="3.264"/>
  <system-out/>
</testsuite> <!-- com.demo.JobPortal.TC1_Reqres_SingleUser -->
