<?xml version="1.0" encoding="UTF-8"?>
<!-- Generated by org.testng.reporters.JUnitReportReporter -->
<testsuite hostname="DESKTOP-E80DE1T" failures="0" tests="1" name="com.trello.TrelloScripts.TC7_MoveCard" time="0.817" errors="0" timestamp="2021-10-31T16:02:52 IST" skipped="0">
  <testcase classname="com.trello.TrelloScripts.TC7_MoveCard" name="createCard" time="0.817"/>
  <system-out/>
</testsuite> <!-- com.trello.TrelloScripts.TC7_MoveCard -->
