<?xml version="1.0" encoding="UTF-8"?>
<!-- Generated by org.testng.reporters.JUnitReportReporter -->
<testsuite hostname="LAPTOP-MRSNP4RR" failures="0" tests="1" name="com.trello.TrelloScripts.TC5_FindProject" time="1.722" errors="0" timestamp="2021-10-25T18:53:28 IST" skipped="0">
  <testcase classname="com.trello.TrelloScripts.TC5_FindProject" name="findTheProject" time="1.722"/>
  <system-out/>
</testsuite> <!-- com.trello.TrelloScripts.TC5_FindProject -->
